<?xml version="1.0" encoding="UTF-8"?>
<testng-results skipped="0" failed="0" total="1" passed="1">
  <reporter-output>
  </reporter-output>
  <suite name="Suite" duration-ms="57" started-at="2021-09-10T03:55:37Z" finished-at="2021-09-10T03:55:37Z">
    <groups>
    </groups>
    <test name="Test" duration-ms="57" started-at="2021-09-10T03:55:37Z" finished-at="2021-09-10T03:55:37Z">
      <class name="com.sample.test.TestDemo">
        <test-method status="PASS" signature="browserLaunch()[pri:0, instance:com.sample.test.TestDemo@ea4a92b]" name="browserLaunch" duration-ms="20" started-at="2021-09-10T09:25:37Z" finished-at="2021-09-10T09:25:37Z">
          <reporter-output>
          </reporter-output>
        </test-method> <!-- browserLaunch -->
      </class> <!-- com.sample.test.TestDemo -->
    </test> <!-- Test -->
  </suite> <!-- Suite -->
</testng-results>
